PLINK v2.0.0-a.6.33LM 64-bit Intel (28 Feb 2026)
Options in effect:
  --bfile train
  --extract /home/guest/BIT11/Internship/Quality-control/4-Keep-SNP-output
  --keep /home/guest/BIT11/Internship/Quality-control/4-Keep-indiv-output
  --king-cutoff 0.177
  --memory 4000
  --pca approx
  --threads 4

Hostname: vbox
Working directory: /home/guest/BIT11/data
Start time: Wed Apr 22 13:16:58 2026

Random number seed: 1776856618
5911 MiB RAM detected, ~3649 available; reserving 3585 MiB for main workspace.
Using up to 4 compute threads.
45000 samples (0 females, 0 males, 45000 ambiguous; 45000 founders) loaded from
train.fam.
300000 variants loaded from train.bim.
Note: No phenotype data present.
--extract: 297923 variants remaining.
--keep: 44740 samples remaining.
44740 samples (0 females, 0 males, 44740 ambiguous; 44740 founders) remaining
after main filters.
Calculating allele frequencies... done.
297923 variants remaining after main filters.
--king-cutoff pass 1/5: Scanning for rare variants... done.
3816 variants handled by initial scan (294107 remaining).
--king-cutoff pass 2/5: Scanning for rare variants... done.
3806 variants handled by initial scan (294117 remaining).
--king-cutoff pass 3/5: Scanning for rare variants... done.
3814 variants handled by initial scan (294109 remaining).
--king-cutoff pass 4/5: Scanning for rare variants... done.
3822 variants handled by initial scan (294101 remaining).
--king-cutoff pass 5/5: Scanning for rare variants... done.
3820 variants handled by initial scan (294103 remaining).
--king-cutoff: 297923 variants processed.
--king-cutoff: Excluded sample IDs written to plink2.king.cutoff.out.id , and
44740 remaining sample IDs written to plink2.king.cutoff.in.id .
Computing SVD of Krylov matrix... done.
Recovering top PCs from range approximation... done.
--pca approx: Eigenvectors written to plink2.eigenvec , and eigenvalues written
to plink2.eigenval .

End time: Wed Apr 22 15:51:32 2026
